compdef:153: _comps: assignment to invalid subscript range
$ next dev
 ⚠ Specified "redirects" will not automatically work with "output: export". See more info here: https://nextjs.org/docs/messages/export-no-custom-routes
 ⚠ Specified "redirects" will not automatically work with "output: export". See more info here: https://nextjs.org/docs/messages/export-no-custom-routes
  ▲ Next.js 14.2.6
  - Local:        http://localhost:3000

 ✓ Starting...
 ⚠ Specified "redirects" will not automatically work with "output: export". See more info here: https://nextjs.org/docs/messages/export-no-custom-routes
 ⚠ Specified "redirects" will not automatically work with "output: export". See more info here: https://nextjs.org/docs/messages/export-no-custom-routes
 ✓ Ready in 2s
 ○ Compiling / ...
Browserslist: caniuse-lite is outdated. Please run:
  npx update-browserslist-db@latest
  Why you should do it regularly: https://github.com/browserslist/update-db#readme

warn - The `purge`/`content` options have changed in Tailwind CSS v3.0.
warn - Update your configuration file to eliminate this warning.
warn - https://tailwindcss.com/docs/upgrade-guide#configure-content-sources

🌼   daisyUI 4.10.1
├─ ✔︎ 2 themes added		https://daisyui.com/docs/themes
╰─ ★ Star daisyUI on GitHub	https://github.com/saadeghi/daisyui

(node:5973) ExperimentalWarning: Type Stripping is an experimental feature and might change at any time
(Use `node --trace-warnings ...` to show where the warning was created)
 ✓ Compiled / in 19.4s (2977 modules)
 GET / 200 in 20464ms
 ✓ Compiled in 1478ms (1475 modules)
